#-----------------------------------------------------------
# Vivado v2018.3 (64-bit)
# SW Build 2405991 on Thu Dec  6 23:38:27 MST 2018
# IP Build 2404404 on Fri Dec  7 01:43:56 MST 2018
# Start of session at: Thu Jul 30 09:24:46 2020
# Process ID: 15572
# Current directory: C:/Users/DELL/Desktop/Camera_Demo
# Command line: vivado.exe -gui_launcher_event rodinguilauncherevent12236 C:\Users\DELL\Desktop\Camera_Demo\Camera_Demo.xpr
# Log file: C:/Users/DELL/Desktop/Camera_Demo/vivado.log
# Journal file: C:/Users/DELL/Desktop/Camera_Demo\vivado.jou
#-----------------------------------------------------------
start_gui
open_project C:/Users/DELL/Desktop/Camera_Demo/Camera_Demo.xpr
CRITICAL WARNING: [Project 1-19] Could not find the file 'E:/FPGA-Demo-Project/Camera_Demo/tcl/Elimate_Constraints_Error.tcl'.
Scanning sources...
Finished scanning sources
INFO: [IP_Flow 19-234] Refreshing IP repositories
INFO: [IP_Flow 19-1700] Loaded user IP repository 'c:/Users/DELL/Desktop/Camera_Demo/IP_Core'.
INFO: [IP_Flow 19-1700] Loaded user IP repository 'c:/Users/DELL/Desktop/Digital-Recognition-master/project'.
INFO: [IP_Flow 19-2313] Loaded Vivado IP repository 'D:/Vivado/2018.3/data/ip'.
CRITICAL WARNING: [IP_Flow 19-1663] Duplicate IP found for 'trenz.biz:user:csi_to_axis:1.0'. The one found in IP location 'c:/Users/DELL/Desktop/Camera_Demo/IP_Core/CSI2AXIS_1.0_IP' will take precedence over the same IP in location c:/Users/DELL/Desktop/Digital-Recognition-master/project/ip/csi_to_axis_1.0
CRITICAL WARNING: [IP_Flow 19-1663] Duplicate IP found for 'trenz.biz:user:csi2_d_phy_rx:1.0'. The one found in IP location 'c:/Users/DELL/Desktop/Camera_Demo/IP_Core/CSI2DPHY_RX_1.0_IP' will take precedence over the same IP in location c:/Users/DELL/Desktop/Digital-Recognition-master/project/ip/csi2_d_phy_rx_1.0
CRITICAL WARNING: [IP_Flow 19-1663] Duplicate IP found for 'digilentinc.com:ip:rgb2dvi:1.2'. The one found in IP location 'c:/Users/DELL/Desktop/Camera_Demo/IP_Core/RGB2DVI_IP' will take precedence over the same IP in location c:/Users/DELL/Desktop/Digital-Recognition-master/project/ip/rgb2dvi_v1_2
open_project: Time (s): cpu = 00:00:26 ; elapsed = 00:00:18 . Memory (MB): peak = 787.938 ; gain = 169.430
update_compile_order -fileset sources_1
exit
INFO: [Common 17-206] Exiting Vivado at Thu Jul 30 09:32:31 2020...
