#-----------------------------------------------------------
# Vivado v2018.3 (64-bit)
# SW Build 2405991 on Thu Dec  6 23:38:27 MST 2018
# IP Build 2404404 on Fri Dec  7 01:43:56 MST 2018
# Start of session at: Thu Jul 30 10:26:05 2020
# Process ID: 6036
# Current directory: C:/Users/DELL/Desktop/Camera_Demo
# Command line: vivado.exe -gui_launcher_event rodinguilauncherevent7612 C:\Users\DELL\Desktop\Camera_Demo\Camera_Demo.xpr
# Log file: C:/Users/DELL/Desktop/Camera_Demo/vivado.log
# Journal file: C:/Users/DELL/Desktop/Camera_Demo\vivado.jou
#-----------------------------------------------------------
start_gui
open_project C:/Users/DELL/Desktop/Camera_Demo/Camera_Demo.xpr
CRITICAL WARNING: [Project 1-19] Could not find the file 'E:/FPGA-Demo-Project/Camera_Demo/tcl/Elimate_Constraints_Error.tcl'.
Scanning sources...
Finished scanning sources
INFO: [IP_Flow 19-234] Refreshing IP repositories
INFO: [IP_Flow 19-1700] Loaded user IP repository 'c:/Users/DELL/Desktop/Camera_Demo/IP_Core'.
INFO: [IP_Flow 19-1700] Loaded user IP repository 'c:/Users/DELL/Desktop/Digital-Recognition-master/project'.
INFO: [IP_Flow 19-2313] Loaded Vivado IP repository 'D:/Vivado/2018.3/data/ip'.
CRITICAL WARNING: [IP_Flow 19-1663] Duplicate IP found for 'trenz.biz:user:csi_to_axis:1.0'. The one found in IP location 'c:/Users/DELL/Desktop/Camera_Demo/IP_Core/CSI2AXIS_1.0_IP' will take precedence over the same IP in location c:/Users/DELL/Desktop/Digital-Recognition-master/project/ip/csi_to_axis_1.0
CRITICAL WARNING: [IP_Flow 19-1663] Duplicate IP found for 'trenz.biz:user:csi2_d_phy_rx:1.0'. The one found in IP location 'c:/Users/DELL/Desktop/Camera_Demo/IP_Core/CSI2DPHY_RX_1.0_IP' will take precedence over the same IP in location c:/Users/DELL/Desktop/Digital-Recognition-master/project/ip/csi2_d_phy_rx_1.0
CRITICAL WARNING: [IP_Flow 19-1663] Duplicate IP found for 'digilentinc.com:ip:rgb2dvi:1.2'. The one found in IP location 'c:/Users/DELL/Desktop/Camera_Demo/IP_Core/RGB2DVI_IP' will take precedence over the same IP in location c:/Users/DELL/Desktop/Digital-Recognition-master/project/ip/rgb2dvi_v1_2
open_project: Time (s): cpu = 00:00:28 ; elapsed = 00:00:15 . Memory (MB): peak = 827.891 ; gain = 210.785
update_compile_order -fileset sources_1
set_property -dict [list CONFIG.PRIMITIVE {PLL} CONFIG.PRIM_SOURCE {Global_buffer} CONFIG.CLKOUT1_DRIVES {BUFG} CONFIG.CLKOUT2_DRIVES {BUFG} CONFIG.CLKOUT3_DRIVES {BUFG} CONFIG.CLKOUT4_DRIVES {BUFG} CONFIG.CLKOUT5_DRIVES {BUFG} CONFIG.CLKOUT6_DRIVES {BUFG} CONFIG.CLKOUT7_DRIVES {BUFG} CONFIG.MMCM_DIVCLK_DIVIDE {1} CONFIG.MMCM_CLKFBOUT_MULT_F {12} CONFIG.MMCM_COMPENSATION {ZHOLD} CONFIG.MMCM_CLKOUT0_DIVIDE_F {12} CONFIG.MMCM_CLKOUT1_DIVIDE {6} CONFIG.MMCM_CLKOUT2_DIVIDE {3} CONFIG.CLKOUT1_JITTER {115.831} CONFIG.CLKOUT1_PHASE_ERROR {87.180} CONFIG.CLKOUT2_JITTER {102.086} CONFIG.CLKOUT2_PHASE_ERROR {87.180} CONFIG.CLKOUT3_JITTER {90.074} CONFIG.CLKOUT3_PHASE_ERROR {87.180}] [get_ips clk_wiz_0]
generate_target all [get_files  C:/Users/DELL/Desktop/Camera_Demo/Camera_Demo.srcs/sources_1/ip/clk_wiz_0/clk_wiz_0.xci]
INFO: [IP_Flow 19-1686] Generating 'Instantiation Template' target for IP 'clk_wiz_0'...
INFO: [IP_Flow 19-1686] Generating 'Synthesis' target for IP 'clk_wiz_0'...
INFO: [IP_Flow 19-1686] Generating 'Simulation' target for IP 'clk_wiz_0'...
INFO: [IP_Flow 19-1686] Generating 'Implementation' target for IP 'clk_wiz_0'...
INFO: [IP_Flow 19-1686] Generating 'Change Log' target for IP 'clk_wiz_0'...
catch { config_ip_cache -export [get_ips -all clk_wiz_0] }
export_ip_user_files -of_objects [get_files C:/Users/DELL/Desktop/Camera_Demo/Camera_Demo.srcs/sources_1/ip/clk_wiz_0/clk_wiz_0.xci] -no_script -sync -force -quiet
reset_run clk_wiz_0_synth_1
launch_runs -jobs 4 clk_wiz_0_synth_1
[Thu Jul 30 10:32:12 2020] Launched clk_wiz_0_synth_1...
Run output will be captured here: C:/Users/DELL/Desktop/Camera_Demo/Camera_Demo.runs/clk_wiz_0_synth_1/runme.log
export_simulation -of_objects [get_files C:/Users/DELL/Desktop/Camera_Demo/Camera_Demo.srcs/sources_1/ip/clk_wiz_0/clk_wiz_0.xci] -directory C:/Users/DELL/Desktop/Camera_Demo/Camera_Demo.ip_user_files/sim_scripts -ip_user_files_dir C:/Users/DELL/Desktop/Camera_Demo/Camera_Demo.ip_user_files -ipstatic_source_dir C:/Users/DELL/Desktop/Camera_Demo/Camera_Demo.ip_user_files/ipstatic -lib_map_path [list {modelsim=C:/Users/DELL/Desktop/Camera_Demo/Camera_Demo.cache/compile_simlib/modelsim} {questa=C:/Users/DELL/Desktop/Camera_Demo/Camera_Demo.cache/compile_simlib/questa} {riviera=C:/Users/DELL/Desktop/Camera_Demo/Camera_Demo.cache/compile_simlib/riviera} {activehdl=C:/Users/DELL/Desktop/Camera_Demo/Camera_Demo.cache/compile_simlib/activehdl}] -use_ip_compiled_libs -force -quiet
reset_run synth_1
WARNING: [Vivado 12-1017] Problems encountered:
1. Failed to delete one or more files in run directory C:/Users/DELL/Desktop/Camera_Demo/Camera_Demo.runs/synth_1

launch_runs synth_1 -jobs 4
INFO: [Vivado 12-4149] The synthesis checkpoint for IP 'C:/Users/DELL/Desktop/Camera_Demo/Camera_Demo.srcs/sources_1/ip/rgb2dvi_0/rgb2dvi_0.xci' is already up-to-date
[Thu Jul 30 10:32:44 2020] Launched clk_wiz_0_synth_1...
Run output will be captured here: C:/Users/DELL/Desktop/Camera_Demo/Camera_Demo.runs/clk_wiz_0_synth_1/runme.log
[Thu Jul 30 10:32:44 2020] Launched synth_1...
Run output will be captured here: C:/Users/DELL/Desktop/Camera_Demo/Camera_Demo.runs/synth_1/runme.log
launch_runs impl_2 -jobs 4
INFO: [Vivado 12-4149] The synthesis checkpoint for IP 'C:/Users/DELL/Desktop/Camera_Demo/Camera_Demo.srcs/sources_1/ip/rgb2dvi_0/rgb2dvi_0.xci' is already up-to-date
[Thu Jul 30 10:39:05 2020] Launched impl_2...
Run output will be captured here: C:/Users/DELL/Desktop/Camera_Demo/Camera_Demo.runs/impl_2/runme.log
update_compile_order -fileset sources_1
update_compile_order -fileset sources_1
synth_design -rtl -name rtl_1
Command: synth_design -rtl -name rtl_1
Starting synth_design
Using part: xc7s15ftgb196-1
Top: Camera_Demo
---------------------------------------------------------------------------------
Starting RTL Elaboration : Time (s): cpu = 00:00:03 ; elapsed = 00:00:02 . Memory (MB): peak = 1255.691 ; gain = 0.000
---------------------------------------------------------------------------------
INFO: [Synth 8-6157] synthesizing module 'Camera_Demo' [C:/Users/DELL/Desktop/Camera_Demo/Camera_Demo.srcs/sources_1/new/Camera_Demo.v:23]
WARNING: [Synth 8-6104] Input port 'led' has an internal driver [C:/Users/DELL/Desktop/Camera_Demo/Camera_Demo.srcs/sources_1/new/Camera_Demo.v:69]
INFO: [Synth 8-6157] synthesizing module 'clk_wiz_0' [C:/Users/DELL/Desktop/Camera_Demo/.Xil/Vivado-6036-DESKTOP-8D0QN4O/realtime/clk_wiz_0_stub.v:5]
INFO: [Synth 8-6155] done synthesizing module 'clk_wiz_0' (1#1) [C:/Users/DELL/Desktop/Camera_Demo/.Xil/Vivado-6036-DESKTOP-8D0QN4O/realtime/clk_wiz_0_stub.v:5]
WARNING: [Synth 8-350] instance 'clk_10' of module 'clk_wiz_0' requires 6 connections, but only 3 given [C:/Users/DELL/Desktop/Camera_Demo/Camera_Demo.srcs/sources_1/new/Camera_Demo.v:73]
INFO: [Synth 8-6157] synthesizing module 'rgb2dvi_0' [C:/Users/DELL/Desktop/Camera_Demo/.Xil/Vivado-6036-DESKTOP-8D0QN4O/realtime/rgb2dvi_0_stub.v:6]
INFO: [Synth 8-6155] done synthesizing module 'rgb2dvi_0' (2#1) [C:/Users/DELL/Desktop/Camera_Demo/.Xil/Vivado-6036-DESKTOP-8D0QN4O/realtime/rgb2dvi_0_stub.v:6]
INFO: [Synth 8-6157] synthesizing module 'Driver_MIPI' [C:/Users/DELL/Desktop/Camera_Demo/Camera_Demo.srcs/sources_1/new/Driver_MIPI.v:23]
INFO: [Synth 8-6157] synthesizing module 'clk_wiz_1' [C:/Users/DELL/Desktop/Camera_Demo/.Xil/Vivado-6036-DESKTOP-8D0QN4O/realtime/clk_wiz_1_stub.v:5]
INFO: [Synth 8-6155] done synthesizing module 'clk_wiz_1' (3#1) [C:/Users/DELL/Desktop/Camera_Demo/.Xil/Vivado-6036-DESKTOP-8D0QN4O/realtime/clk_wiz_1_stub.v:5]
INFO: [Synth 8-6157] synthesizing module 'csi2_d_phy_rx_0' [C:/Users/DELL/Desktop/Camera_Demo/.Xil/Vivado-6036-DESKTOP-8D0QN4O/realtime/csi2_d_phy_rx_0_stub.v:6]
INFO: [Synth 8-6155] done synthesizing module 'csi2_d_phy_rx_0' (4#1) [C:/Users/DELL/Desktop/Camera_Demo/.Xil/Vivado-6036-DESKTOP-8D0QN4O/realtime/csi2_d_phy_rx_0_stub.v:6]
WARNING: [Synth 8-350] instance 'Data_Read' of module 'csi2_d_phy_rx_0' requires 33 connections, but only 25 given [C:/Users/DELL/Desktop/Camera_Demo/Camera_Demo.srcs/sources_1/new/Driver_MIPI.v:75]
INFO: [Synth 8-6157] synthesizing module 'csi_to_axis_0' [C:/Users/DELL/Desktop/Camera_Demo/.Xil/Vivado-6036-DESKTOP-8D0QN4O/realtime/csi_to_axis_0_stub.v:6]
INFO: [Synth 8-6155] done synthesizing module 'csi_to_axis_0' (5#1) [C:/Users/DELL/Desktop/Camera_Demo/.Xil/Vivado-6036-DESKTOP-8D0QN4O/realtime/csi_to_axis_0_stub.v:6]
INFO: [Synth 8-6157] synthesizing module 'Driver_Csi_To_Dvp' [C:/Users/DELL/Desktop/Camera_Demo/Camera_Demo.srcs/sources_1/new/Driver_Csi_To_Dvp.v:23]
	Parameter Default_AXIS_TREADY bound to: 1'b1 
	Parameter WIDTH bound to: 12 - type: integer 
	Parameter HSIZE bound to: 1280 - type: integer 
	Parameter HFP bound to: 1390 - type: integer 
	Parameter HSP bound to: 1430 - type: integer 
	Parameter HMAX bound to: 1650 - type: integer 
	Parameter VSIZE bound to: 720 - type: integer 
	Parameter VFP bound to: 725 - type: integer 
	Parameter VSP bound to: 730 - type: integer 
	Parameter VMAX bound to: 750 - type: integer 
	Parameter HSPP bound to: 0 - type: integer 
	Parameter VSPP bound to: 0 - type: integer 
INFO: [Synth 8-6157] synthesizing module 'AXIS_Data_RAM' [C:/Users/DELL/Desktop/Camera_Demo/.Xil/Vivado-6036-DESKTOP-8D0QN4O/realtime/AXIS_Data_RAM_stub.v:6]
INFO: [Synth 8-6155] done synthesizing module 'AXIS_Data_RAM' (6#1) [C:/Users/DELL/Desktop/Camera_Demo/.Xil/Vivado-6036-DESKTOP-8D0QN4O/realtime/AXIS_Data_RAM_stub.v:6]
INFO: [Synth 8-6155] done synthesizing module 'Driver_Csi_To_Dvp' (7#1) [C:/Users/DELL/Desktop/Camera_Demo/Camera_Demo.srcs/sources_1/new/Driver_Csi_To_Dvp.v:23]
INFO: [Synth 8-6157] synthesizing module 'Driver_Bayer_To_RGB' [C:/Users/DELL/Desktop/Camera_Demo/Camera_Demo.srcs/sources_1/new/Driver_Bayer_To_RGB.v:23]
	Parameter WIDTH bound to: 12 - type: integer 
	Parameter HSIZE bound to: 1280 - type: integer 
	Parameter HFP bound to: 1390 - type: integer 
	Parameter HSP bound to: 1430 - type: integer 
	Parameter HMAX bound to: 1650 - type: integer 
	Parameter VSIZE bound to: 720 - type: integer 
	Parameter VFP bound to: 725 - type: integer 
	Parameter VSP bound to: 730 - type: integer 
	Parameter VMAX bound to: 750 - type: integer 
	Parameter HSPP bound to: 0 - type: integer 
	Parameter VSPP bound to: 0 - type: integer 
	Parameter DELAY_LINE bound to: 2 - type: integer 
	Parameter ST_IDLE bound to: 3'b000 
	Parameter ST_IDLE_START bound to: 3'b001 
	Parameter ST_PATTERN0 bound to: 3'b010 
	Parameter ST_PATTERN1 bound to: 3'b011 
	Parameter ST_IDLE_GR bound to: 3'b100 
	Parameter ST_PATTERN2 bound to: 3'b101 
	Parameter ST_PATTERN3 bound to: 3'b110 
INFO: [Synth 8-6157] synthesizing module 'RAM_Line' [C:/Users/DELL/Desktop/Camera_Demo/.Xil/Vivado-6036-DESKTOP-8D0QN4O/realtime/RAM_Line_stub.v:6]
INFO: [Synth 8-6155] done synthesizing module 'RAM_Line' (8#1) [C:/Users/DELL/Desktop/Camera_Demo/.Xil/Vivado-6036-DESKTOP-8D0QN4O/realtime/RAM_Line_stub.v:6]
INFO: [Synth 8-6155] done synthesizing module 'Driver_Bayer_To_RGB' (9#1) [C:/Users/DELL/Desktop/Camera_Demo/Camera_Demo.srcs/sources_1/new/Driver_Bayer_To_RGB.v:23]
INFO: [Synth 8-6155] done synthesizing module 'Driver_MIPI' (10#1) [C:/Users/DELL/Desktop/Camera_Demo/Camera_Demo.srcs/sources_1/new/Driver_MIPI.v:23]
WARNING: [Synth 8-689] width (12) of port connection 'o_set_x' does not match port width (11) of module 'Driver_MIPI' [C:/Users/DELL/Desktop/Camera_Demo/Camera_Demo.srcs/sources_1/new/Camera_Demo.v:102]
WARNING: [Synth 8-689] width (11) of port connection 'o_set_y' does not match port width (10) of module 'Driver_MIPI' [C:/Users/DELL/Desktop/Camera_Demo/Camera_Demo.srcs/sources_1/new/Camera_Demo.v:103]
INFO: [Synth 8-6157] synthesizing module 'IOBUF' [D:/Vivado/2018.3/scripts/rt/data/unisim_comp.v:23615]
	Parameter DRIVE bound to: 12 - type: integer 
	Parameter IBUF_LOW_PWR bound to: TRUE - type: string 
	Parameter IOSTANDARD bound to: DEFAULT - type: string 
	Parameter SLEW bound to: SLOW - type: string 
INFO: [Synth 8-6155] done synthesizing module 'IOBUF' (11#1) [D:/Vivado/2018.3/scripts/rt/data/unisim_comp.v:23615]
INFO: [Synth 8-6157] synthesizing module 'OV5647_Init' [C:/Users/DELL/Desktop/Camera_Demo/Camera_Demo.srcs/sources_1/new/OV5647_Init.v:23]
	Parameter SLAVE_ADDRESS bound to: 8'b01101100 
	Parameter INITIAL_NUM bound to: 8'b01011000 
	Parameter REG_ADDR2_EN bound to: 1'b1 
	Parameter WR_HOLD_T bound to: 4'b1010 
	Parameter WR_VALID bound to: 1'b1 
	Parameter WAIT_DELAY bound to: 20'b00011000011010100000 
	Parameter IDLE bound to: 2'b00 
	Parameter START bound to: 2'b01 
	Parameter WAIT bound to: 2'b10 
	Parameter END bound to: 2'b11 
INFO: [Synth 8-6157] synthesizing module 'ROM_OV5647' [C:/Users/DELL/Desktop/Camera_Demo/Camera_Demo.srcs/sources_1/new/OV5647_Init.v:243]
INFO: [Synth 8-6155] done synthesizing module 'ROM_OV5647' (12#1) [C:/Users/DELL/Desktop/Camera_Demo/Camera_Demo.srcs/sources_1/new/OV5647_Init.v:243]
INFO: [Synth 8-6157] synthesizing module 'Trigger_Generator' [C:/Users/DELL/Desktop/Camera_Demo/Camera_Demo.srcs/sources_1/new/Trigger_Generator.v:23]
	Parameter ST_WAIT bound to: 2'b00 
	Parameter ST_START bound to: 2'b01 
	Parameter ST_HOLD bound to: 2'b10 
	Parameter ST_END bound to: 2'b11 
INFO: [Synth 8-6155] done synthesizing module 'Trigger_Generator' (13#1) [C:/Users/DELL/Desktop/Camera_Demo/Camera_Demo.srcs/sources_1/new/Trigger_Generator.v:23]
WARNING: [Synth 8-6014] Unused sequential element en_rd_rom_reg was removed.  [C:/Users/DELL/Desktop/Camera_Demo/Camera_Demo.srcs/sources_1/new/OV5647_Init.v:133]
INFO: [Synth 8-6155] done synthesizing module 'OV5647_Init' (14#1) [C:/Users/DELL/Desktop/Camera_Demo/Camera_Demo.srcs/sources_1/new/OV5647_Init.v:23]
INFO: [Synth 8-6157] synthesizing module 'Driver_IIC' [C:/Users/DELL/Desktop/Camera_Demo/Camera_Demo.srcs/sources_1/new/Driver_IIC.v:22]
	Parameter System_Clk_MHz bound to: 13'b0000001100100 
	Parameter Set_IIC_SCL_kHz bound to: 13'b0000001100100 
	Parameter SCL_Divider bound to: 13'b0000000000001 
	Parameter SCL_SUM bound to: 13'b0001111101000 
	Parameter SCL_H_START bound to: 0 - type: integer 
	Parameter SCL_H_CENTER bound to: 249 - type: integer 
	Parameter SCL_L_START bound to: 499 - type: integer 
	Parameter SCL_L_CENTER bound to: 749 - type: integer 
	Parameter ST_IDLE bound to: 5'b00000 
	Parameter ST_START bound to: 5'b00001 
	Parameter ST_W_SADDR bound to: 5'b00010 
	Parameter ST_ACK_0 bound to: 5'b00011 
	Parameter ST_W_ADDR_H bound to: 5'b00100 
	Parameter ST_ACK_1 bound to: 5'b00101 
	Parameter ST_W_ADDR_L bound to: 5'b00110 
	Parameter ST_ACK_2 bound to: 5'b00111 
	Parameter ST_W_DATA bound to: 5'b01000 
	Parameter ST_ACK_3 bound to: 5'b01001 
	Parameter ST_START_R bound to: 5'b01010 
	Parameter ST_W_SADDR_R bound to: 5'b01011 
	Parameter ST_ACK_4 bound to: 5'b01100 
	Parameter ST_R_DATA bound to: 5'b01101 
	Parameter ST_NACK bound to: 5'b01110 
	Parameter ST_STOP bound to: 5'b01111 
INFO: [Synth 8-155] case statement is not full and has no default [C:/Users/DELL/Desktop/Camera_Demo/Camera_Demo.srcs/sources_1/new/Driver_IIC.v:388]
WARNING: [Synth 8-5788] Register data_r_o_reg in module Driver_IIC is has both Set and reset with same priority. This may cause simulation mismatches. Consider rewriting code  [C:/Users/DELL/Desktop/Camera_Demo/Camera_Demo.srcs/sources_1/new/Driver_IIC.v:112]
INFO: [Synth 8-6155] done synthesizing module 'Driver_IIC' (15#1) [C:/Users/DELL/Desktop/Camera_Demo/Camera_Demo.srcs/sources_1/new/Driver_IIC.v:22]
INFO: [Synth 8-6157] synthesizing module 'gray' [C:/Users/DELL/Desktop/Camera_Demo/Camera_Demo.srcs/sources_1/new/gray.v:7]
INFO: [Synth 8-6155] done synthesizing module 'gray' (16#1) [C:/Users/DELL/Desktop/Camera_Demo/Camera_Demo.srcs/sources_1/new/gray.v:7]
INFO: [Synth 8-6157] synthesizing module 'shuzi' [C:/Users/DELL/Desktop/Camera_Demo/Camera_Demo.srcs/sources_1/new/shuzi.v:23]
INFO: [Synth 8-6157] synthesizing module 'digital' [C:/Users/DELL/Desktop/Camera_Demo/Camera_Demo.srcs/sources_1/new/digital.v:23]
INFO: [Synth 8-6157] synthesizing module 'digital_recognition' [C:/Users/DELL/Desktop/Camera_Demo/Camera_Demo.srcs/sources_1/new/digital_recognition.v:2]
	Parameter CENTER_H bound to: 640 - type: integer 
	Parameter CENTER_V bound to: 360 - type: integer 
	Parameter VtcVCnt_max bound to: 266 - type: integer 
	Parameter VtcHCnt_max bound to: 200 - type: integer 
	Parameter VtcHCnt_l bound to: 540 - type: integer 
	Parameter VtcHCnt_r bound to: 740 - type: integer 
	Parameter VtcVCnt_u bound to: 227 - type: integer 
	Parameter VtcVCnt_d bound to: 493 - type: integer 
	Parameter X1 bound to: 333 - type: integer 
	Parameter X2 bound to: 404 - type: integer 
INFO: [Synth 8-6157] synthesizing module 'posedge_detection' [C:/Users/DELL/Desktop/Camera_Demo/Camera_Demo.srcs/sources_1/new/posedge_detection.v:1]
INFO: [Synth 8-6155] done synthesizing module 'posedge_detection' (17#1) [C:/Users/DELL/Desktop/Camera_Demo/Camera_Demo.srcs/sources_1/new/posedge_detection.v:1]
INFO: [Synth 8-6155] done synthesizing module 'digital_recognition' (18#1) [C:/Users/DELL/Desktop/Camera_Demo/Camera_Demo.srcs/sources_1/new/digital_recognition.v:2]
INFO: [Synth 8-6155] done synthesizing module 'digital' (19#1) [C:/Users/DELL/Desktop/Camera_Demo/Camera_Demo.srcs/sources_1/new/digital.v:23]
INFO: [Synth 8-6155] done synthesizing module 'shuzi' (20#1) [C:/Users/DELL/Desktop/Camera_Demo/Camera_Demo.srcs/sources_1/new/shuzi.v:23]
WARNING: [Synth 8-689] width (12) of port connection 'VtcHCnt' does not match port width (1) of module 'shuzi' [C:/Users/DELL/Desktop/Camera_Demo/Camera_Demo.srcs/sources_1/new/Camera_Demo.v:186]
WARNING: [Synth 8-689] width (11) of port connection 'VtcVCnt' does not match port width (1) of module 'shuzi' [C:/Users/DELL/Desktop/Camera_Demo/Camera_Demo.srcs/sources_1/new/Camera_Demo.v:187]
INFO: [Synth 8-6157] synthesizing module 'rgb_test' [C:/Users/DELL/Desktop/Camera_Demo/Camera_Demo.srcs/sources_1/new/rgb_test.v:22]
INFO: [Synth 8-6157] synthesizing module 'rgb' [C:/Users/DELL/Desktop/Camera_Demo/Camera_Demo.srcs/sources_1/new/rgb.v:22]
INFO: [Synth 8-6155] done synthesizing module 'rgb' (21#1) [C:/Users/DELL/Desktop/Camera_Demo/Camera_Demo.srcs/sources_1/new/rgb.v:22]
ERROR: [Synth 8-448] named port connection 'RGB24' does not exist for instance 'inst' of module 'rgb' [C:/Users/DELL/Desktop/Camera_Demo/Camera_Demo.srcs/sources_1/new/rgb_test.v:42]
ERROR: [Synth 8-448] named port connection 'gray_data' does not exist for instance 'inst' of module 'rgb' [C:/Users/DELL/Desktop/Camera_Demo/Camera_Demo.srcs/sources_1/new/rgb_test.v:46]
ERROR: [Synth 8-6156] failed synthesizing module 'rgb_test' [C:/Users/DELL/Desktop/Camera_Demo/Camera_Demo.srcs/sources_1/new/rgb_test.v:22]
ERROR: [Synth 8-6156] failed synthesizing module 'Camera_Demo' [C:/Users/DELL/Desktop/Camera_Demo/Camera_Demo.srcs/sources_1/new/Camera_Demo.v:23]
---------------------------------------------------------------------------------
Finished RTL Elaboration : Time (s): cpu = 00:00:04 ; elapsed = 00:00:03 . Memory (MB): peak = 1255.691 ; gain = 0.000
---------------------------------------------------------------------------------
RTL Elaboration failed
45 Infos, 9 Warnings, 0 Critical Warnings and 5 Errors encountered.
synth_design failed
ERROR: [Vivado_Tcl 4-5] Elaboration failed - please see the console for details
reset_run synth_1
launch_runs synth_1 -jobs 4
INFO: [Vivado 12-4149] The synthesis checkpoint for IP 'C:/Users/DELL/Desktop/Camera_Demo/Camera_Demo.srcs/sources_1/ip/rgb2dvi_0/rgb2dvi_0.xci' is already up-to-date
[Thu Jul 30 11:16:54 2020] Launched synth_1...
Run output will be captured here: C:/Users/DELL/Desktop/Camera_Demo/Camera_Demo.runs/synth_1/runme.log
reset_run synth_1
launch_runs synth_1 -jobs 4
INFO: [Vivado 12-4149] The synthesis checkpoint for IP 'C:/Users/DELL/Desktop/Camera_Demo/Camera_Demo.srcs/sources_1/ip/rgb2dvi_0/rgb2dvi_0.xci' is already up-to-date
[Thu Jul 30 11:19:55 2020] Launched synth_1...
Run output will be captured here: C:/Users/DELL/Desktop/Camera_Demo/Camera_Demo.runs/synth_1/runme.log
launch_runs impl_2 -jobs 4
INFO: [Vivado 12-4149] The synthesis checkpoint for IP 'C:/Users/DELL/Desktop/Camera_Demo/Camera_Demo.srcs/sources_1/ip/rgb2dvi_0/rgb2dvi_0.xci' is already up-to-date
[Thu Jul 30 11:20:48 2020] Launched impl_2...
Run output will be captured here: C:/Users/DELL/Desktop/Camera_Demo/Camera_Demo.runs/impl_2/runme.log
launch_runs impl_2 -to_step write_bitstream -jobs 4
INFO: [Vivado 12-4149] The synthesis checkpoint for IP 'C:/Users/DELL/Desktop/Camera_Demo/Camera_Demo.srcs/sources_1/ip/rgb2dvi_0/rgb2dvi_0.xci' is already up-to-date
[Thu Jul 30 11:22:05 2020] Launched impl_2...
Run output will be captured here: C:/Users/DELL/Desktop/Camera_Demo/Camera_Demo.runs/impl_2/runme.log
synth_design -rtl -name rtl_1
Command: synth_design -rtl -name rtl_1
Starting synth_design
Using part: xc7s15ftgb196-1
Top: Camera_Demo
---------------------------------------------------------------------------------
Starting RTL Elaboration : Time (s): cpu = 00:00:04 ; elapsed = 00:00:03 . Memory (MB): peak = 1255.691 ; gain = 0.000
---------------------------------------------------------------------------------
INFO: [Synth 8-6157] synthesizing module 'Camera_Demo' [C:/Users/DELL/Desktop/Camera_Demo/Camera_Demo.srcs/sources_1/new/Camera_Demo.v:23]
WARNING: [Synth 8-6104] Input port 'led' has an internal driver [C:/Users/DELL/Desktop/Camera_Demo/Camera_Demo.srcs/sources_1/new/Camera_Demo.v:69]
INFO: [Synth 8-6157] synthesizing module 'clk_wiz_0' [C:/Users/DELL/Desktop/Camera_Demo/.Xil/Vivado-6036-DESKTOP-8D0QN4O/realtime/clk_wiz_0_stub.v:5]
INFO: [Synth 8-6155] done synthesizing module 'clk_wiz_0' (1#1) [C:/Users/DELL/Desktop/Camera_Demo/.Xil/Vivado-6036-DESKTOP-8D0QN4O/realtime/clk_wiz_0_stub.v:5]
WARNING: [Synth 8-350] instance 'clk_10' of module 'clk_wiz_0' requires 6 connections, but only 3 given [C:/Users/DELL/Desktop/Camera_Demo/Camera_Demo.srcs/sources_1/new/Camera_Demo.v:73]
INFO: [Synth 8-6157] synthesizing module 'rgb2dvi_0' [C:/Users/DELL/Desktop/Camera_Demo/.Xil/Vivado-6036-DESKTOP-8D0QN4O/realtime/rgb2dvi_0_stub.v:6]
INFO: [Synth 8-6155] done synthesizing module 'rgb2dvi_0' (2#1) [C:/Users/DELL/Desktop/Camera_Demo/.Xil/Vivado-6036-DESKTOP-8D0QN4O/realtime/rgb2dvi_0_stub.v:6]
INFO: [Synth 8-6157] synthesizing module 'Driver_MIPI' [C:/Users/DELL/Desktop/Camera_Demo/Camera_Demo.srcs/sources_1/new/Driver_MIPI.v:23]
INFO: [Synth 8-6157] synthesizing module 'clk_wiz_1' [C:/Users/DELL/Desktop/Camera_Demo/.Xil/Vivado-6036-DESKTOP-8D0QN4O/realtime/clk_wiz_1_stub.v:5]
INFO: [Synth 8-6155] done synthesizing module 'clk_wiz_1' (3#1) [C:/Users/DELL/Desktop/Camera_Demo/.Xil/Vivado-6036-DESKTOP-8D0QN4O/realtime/clk_wiz_1_stub.v:5]
INFO: [Synth 8-6157] synthesizing module 'csi2_d_phy_rx_0' [C:/Users/DELL/Desktop/Camera_Demo/.Xil/Vivado-6036-DESKTOP-8D0QN4O/realtime/csi2_d_phy_rx_0_stub.v:6]
INFO: [Synth 8-6155] done synthesizing module 'csi2_d_phy_rx_0' (4#1) [C:/Users/DELL/Desktop/Camera_Demo/.Xil/Vivado-6036-DESKTOP-8D0QN4O/realtime/csi2_d_phy_rx_0_stub.v:6]
WARNING: [Synth 8-350] instance 'Data_Read' of module 'csi2_d_phy_rx_0' requires 33 connections, but only 25 given [C:/Users/DELL/Desktop/Camera_Demo/Camera_Demo.srcs/sources_1/new/Driver_MIPI.v:75]
INFO: [Synth 8-6157] synthesizing module 'csi_to_axis_0' [C:/Users/DELL/Desktop/Camera_Demo/.Xil/Vivado-6036-DESKTOP-8D0QN4O/realtime/csi_to_axis_0_stub.v:6]
INFO: [Synth 8-6155] done synthesizing module 'csi_to_axis_0' (5#1) [C:/Users/DELL/Desktop/Camera_Demo/.Xil/Vivado-6036-DESKTOP-8D0QN4O/realtime/csi_to_axis_0_stub.v:6]
INFO: [Synth 8-6157] synthesizing module 'Driver_Csi_To_Dvp' [C:/Users/DELL/Desktop/Camera_Demo/Camera_Demo.srcs/sources_1/new/Driver_Csi_To_Dvp.v:23]
	Parameter Default_AXIS_TREADY bound to: 1'b1 
	Parameter WIDTH bound to: 12 - type: integer 
	Parameter HSIZE bound to: 1280 - type: integer 
	Parameter HFP bound to: 1390 - type: integer 
	Parameter HSP bound to: 1430 - type: integer 
	Parameter HMAX bound to: 1650 - type: integer 
	Parameter VSIZE bound to: 720 - type: integer 
	Parameter VFP bound to: 725 - type: integer 
	Parameter VSP bound to: 730 - type: integer 
	Parameter VMAX bound to: 750 - type: integer 
	Parameter HSPP bound to: 0 - type: integer 
	Parameter VSPP bound to: 0 - type: integer 
INFO: [Synth 8-6157] synthesizing module 'AXIS_Data_RAM' [C:/Users/DELL/Desktop/Camera_Demo/.Xil/Vivado-6036-DESKTOP-8D0QN4O/realtime/AXIS_Data_RAM_stub.v:6]
INFO: [Synth 8-6155] done synthesizing module 'AXIS_Data_RAM' (6#1) [C:/Users/DELL/Desktop/Camera_Demo/.Xil/Vivado-6036-DESKTOP-8D0QN4O/realtime/AXIS_Data_RAM_stub.v:6]
INFO: [Synth 8-6155] done synthesizing module 'Driver_Csi_To_Dvp' (7#1) [C:/Users/DELL/Desktop/Camera_Demo/Camera_Demo.srcs/sources_1/new/Driver_Csi_To_Dvp.v:23]
INFO: [Synth 8-6157] synthesizing module 'Driver_Bayer_To_RGB' [C:/Users/DELL/Desktop/Camera_Demo/Camera_Demo.srcs/sources_1/new/Driver_Bayer_To_RGB.v:23]
	Parameter WIDTH bound to: 12 - type: integer 
	Parameter HSIZE bound to: 1280 - type: integer 
	Parameter HFP bound to: 1390 - type: integer 
	Parameter HSP bound to: 1430 - type: integer 
	Parameter HMAX bound to: 1650 - type: integer 
	Parameter VSIZE bound to: 720 - type: integer 
	Parameter VFP bound to: 725 - type: integer 
	Parameter VSP bound to: 730 - type: integer 
	Parameter VMAX bound to: 750 - type: integer 
	Parameter HSPP bound to: 0 - type: integer 
	Parameter VSPP bound to: 0 - type: integer 
	Parameter DELAY_LINE bound to: 2 - type: integer 
	Parameter ST_IDLE bound to: 3'b000 
	Parameter ST_IDLE_START bound to: 3'b001 
	Parameter ST_PATTERN0 bound to: 3'b010 
	Parameter ST_PATTERN1 bound to: 3'b011 
	Parameter ST_IDLE_GR bound to: 3'b100 
	Parameter ST_PATTERN2 bound to: 3'b101 
	Parameter ST_PATTERN3 bound to: 3'b110 
INFO: [Synth 8-6157] synthesizing module 'RAM_Line' [C:/Users/DELL/Desktop/Camera_Demo/.Xil/Vivado-6036-DESKTOP-8D0QN4O/realtime/RAM_Line_stub.v:6]
INFO: [Synth 8-6155] done synthesizing module 'RAM_Line' (8#1) [C:/Users/DELL/Desktop/Camera_Demo/.Xil/Vivado-6036-DESKTOP-8D0QN4O/realtime/RAM_Line_stub.v:6]
INFO: [Synth 8-6155] done synthesizing module 'Driver_Bayer_To_RGB' (9#1) [C:/Users/DELL/Desktop/Camera_Demo/Camera_Demo.srcs/sources_1/new/Driver_Bayer_To_RGB.v:23]
INFO: [Synth 8-6155] done synthesizing module 'Driver_MIPI' (10#1) [C:/Users/DELL/Desktop/Camera_Demo/Camera_Demo.srcs/sources_1/new/Driver_MIPI.v:23]
WARNING: [Synth 8-689] width (12) of port connection 'o_set_x' does not match port width (11) of module 'Driver_MIPI' [C:/Users/DELL/Desktop/Camera_Demo/Camera_Demo.srcs/sources_1/new/Camera_Demo.v:102]
WARNING: [Synth 8-689] width (11) of port connection 'o_set_y' does not match port width (10) of module 'Driver_MIPI' [C:/Users/DELL/Desktop/Camera_Demo/Camera_Demo.srcs/sources_1/new/Camera_Demo.v:103]
INFO: [Synth 8-6157] synthesizing module 'IOBUF' [D:/Vivado/2018.3/scripts/rt/data/unisim_comp.v:23615]
	Parameter DRIVE bound to: 12 - type: integer 
	Parameter IBUF_LOW_PWR bound to: TRUE - type: string 
	Parameter IOSTANDARD bound to: DEFAULT - type: string 
	Parameter SLEW bound to: SLOW - type: string 
INFO: [Synth 8-6155] done synthesizing module 'IOBUF' (11#1) [D:/Vivado/2018.3/scripts/rt/data/unisim_comp.v:23615]
INFO: [Synth 8-6157] synthesizing module 'OV5647_Init' [C:/Users/DELL/Desktop/Camera_Demo/Camera_Demo.srcs/sources_1/new/OV5647_Init.v:23]
	Parameter SLAVE_ADDRESS bound to: 8'b01101100 
	Parameter INITIAL_NUM bound to: 8'b01011000 
	Parameter REG_ADDR2_EN bound to: 1'b1 
	Parameter WR_HOLD_T bound to: 4'b1010 
	Parameter WR_VALID bound to: 1'b1 
	Parameter WAIT_DELAY bound to: 20'b00011000011010100000 
	Parameter IDLE bound to: 2'b00 
	Parameter START bound to: 2'b01 
	Parameter WAIT bound to: 2'b10 
	Parameter END bound to: 2'b11 
INFO: [Synth 8-6157] synthesizing module 'ROM_OV5647' [C:/Users/DELL/Desktop/Camera_Demo/Camera_Demo.srcs/sources_1/new/OV5647_Init.v:243]
INFO: [Synth 8-6155] done synthesizing module 'ROM_OV5647' (12#1) [C:/Users/DELL/Desktop/Camera_Demo/Camera_Demo.srcs/sources_1/new/OV5647_Init.v:243]
INFO: [Synth 8-6157] synthesizing module 'Trigger_Generator' [C:/Users/DELL/Desktop/Camera_Demo/Camera_Demo.srcs/sources_1/new/Trigger_Generator.v:23]
	Parameter ST_WAIT bound to: 2'b00 
	Parameter ST_START bound to: 2'b01 
	Parameter ST_HOLD bound to: 2'b10 
	Parameter ST_END bound to: 2'b11 
INFO: [Synth 8-6155] done synthesizing module 'Trigger_Generator' (13#1) [C:/Users/DELL/Desktop/Camera_Demo/Camera_Demo.srcs/sources_1/new/Trigger_Generator.v:23]
WARNING: [Synth 8-6014] Unused sequential element en_rd_rom_reg was removed.  [C:/Users/DELL/Desktop/Camera_Demo/Camera_Demo.srcs/sources_1/new/OV5647_Init.v:133]
INFO: [Synth 8-6155] done synthesizing module 'OV5647_Init' (14#1) [C:/Users/DELL/Desktop/Camera_Demo/Camera_Demo.srcs/sources_1/new/OV5647_Init.v:23]
INFO: [Synth 8-6157] synthesizing module 'Driver_IIC' [C:/Users/DELL/Desktop/Camera_Demo/Camera_Demo.srcs/sources_1/new/Driver_IIC.v:22]
	Parameter System_Clk_MHz bound to: 13'b0000001100100 
	Parameter Set_IIC_SCL_kHz bound to: 13'b0000001100100 
	Parameter SCL_Divider bound to: 13'b0000000000001 
	Parameter SCL_SUM bound to: 13'b0001111101000 
	Parameter SCL_H_START bound to: 0 - type: integer 
	Parameter SCL_H_CENTER bound to: 249 - type: integer 
	Parameter SCL_L_START bound to: 499 - type: integer 
	Parameter SCL_L_CENTER bound to: 749 - type: integer 
	Parameter ST_IDLE bound to: 5'b00000 
	Parameter ST_START bound to: 5'b00001 
	Parameter ST_W_SADDR bound to: 5'b00010 
	Parameter ST_ACK_0 bound to: 5'b00011 
	Parameter ST_W_ADDR_H bound to: 5'b00100 
	Parameter ST_ACK_1 bound to: 5'b00101 
	Parameter ST_W_ADDR_L bound to: 5'b00110 
	Parameter ST_ACK_2 bound to: 5'b00111 
	Parameter ST_W_DATA bound to: 5'b01000 
	Parameter ST_ACK_3 bound to: 5'b01001 
	Parameter ST_START_R bound to: 5'b01010 
	Parameter ST_W_SADDR_R bound to: 5'b01011 
	Parameter ST_ACK_4 bound to: 5'b01100 
	Parameter ST_R_DATA bound to: 5'b01101 
	Parameter ST_NACK bound to: 5'b01110 
	Parameter ST_STOP bound to: 5'b01111 
INFO: [Synth 8-155] case statement is not full and has no default [C:/Users/DELL/Desktop/Camera_Demo/Camera_Demo.srcs/sources_1/new/Driver_IIC.v:388]
WARNING: [Synth 8-5788] Register data_r_o_reg in module Driver_IIC is has both Set and reset with same priority. This may cause simulation mismatches. Consider rewriting code  [C:/Users/DELL/Desktop/Camera_Demo/Camera_Demo.srcs/sources_1/new/Driver_IIC.v:112]
INFO: [Synth 8-6155] done synthesizing module 'Driver_IIC' (15#1) [C:/Users/DELL/Desktop/Camera_Demo/Camera_Demo.srcs/sources_1/new/Driver_IIC.v:22]
INFO: [Synth 8-6157] synthesizing module 'gray' [C:/Users/DELL/Desktop/Camera_Demo/Camera_Demo.srcs/sources_1/new/gray.v:7]
INFO: [Synth 8-6155] done synthesizing module 'gray' (16#1) [C:/Users/DELL/Desktop/Camera_Demo/Camera_Demo.srcs/sources_1/new/gray.v:7]
INFO: [Synth 8-6157] synthesizing module 'shuzi' [C:/Users/DELL/Desktop/Camera_Demo/Camera_Demo.srcs/sources_1/new/shuzi.v:23]
INFO: [Synth 8-6157] synthesizing module 'digital' [C:/Users/DELL/Desktop/Camera_Demo/Camera_Demo.srcs/sources_1/new/digital.v:23]
INFO: [Synth 8-6157] synthesizing module 'digital_recognition' [C:/Users/DELL/Desktop/Camera_Demo/Camera_Demo.srcs/sources_1/new/digital_recognition.v:2]
	Parameter CENTER_H bound to: 640 - type: integer 
	Parameter CENTER_V bound to: 360 - type: integer 
	Parameter VtcVCnt_max bound to: 266 - type: integer 
	Parameter VtcHCnt_max bound to: 200 - type: integer 
	Parameter VtcHCnt_l bound to: 540 - type: integer 
	Parameter VtcHCnt_r bound to: 740 - type: integer 
	Parameter VtcVCnt_u bound to: 227 - type: integer 
	Parameter VtcVCnt_d bound to: 493 - type: integer 
	Parameter X1 bound to: 333 - type: integer 
	Parameter X2 bound to: 404 - type: integer 
INFO: [Synth 8-6157] synthesizing module 'posedge_detection' [C:/Users/DELL/Desktop/Camera_Demo/Camera_Demo.srcs/sources_1/new/posedge_detection.v:1]
INFO: [Synth 8-6155] done synthesizing module 'posedge_detection' (17#1) [C:/Users/DELL/Desktop/Camera_Demo/Camera_Demo.srcs/sources_1/new/posedge_detection.v:1]
INFO: [Synth 8-6155] done synthesizing module 'digital_recognition' (18#1) [C:/Users/DELL/Desktop/Camera_Demo/Camera_Demo.srcs/sources_1/new/digital_recognition.v:2]
INFO: [Synth 8-6155] done synthesizing module 'digital' (19#1) [C:/Users/DELL/Desktop/Camera_Demo/Camera_Demo.srcs/sources_1/new/digital.v:23]
INFO: [Synth 8-6155] done synthesizing module 'shuzi' (20#1) [C:/Users/DELL/Desktop/Camera_Demo/Camera_Demo.srcs/sources_1/new/shuzi.v:23]
WARNING: [Synth 8-689] width (12) of port connection 'VtcHCnt' does not match port width (1) of module 'shuzi' [C:/Users/DELL/Desktop/Camera_Demo/Camera_Demo.srcs/sources_1/new/Camera_Demo.v:186]
WARNING: [Synth 8-689] width (11) of port connection 'VtcVCnt' does not match port width (1) of module 'shuzi' [C:/Users/DELL/Desktop/Camera_Demo/Camera_Demo.srcs/sources_1/new/Camera_Demo.v:187]
INFO: [Synth 8-6157] synthesizing module 'rgb_test' [C:/Users/DELL/Desktop/Camera_Demo/Camera_Demo.srcs/sources_1/new/rgb_test.v:22]
INFO: [Synth 8-6157] synthesizing module 'rgb' [C:/Users/DELL/Desktop/Camera_Demo/Camera_Demo.srcs/sources_1/new/rgb.v:22]
INFO: [Synth 8-6155] done synthesizing module 'rgb' (21#1) [C:/Users/DELL/Desktop/Camera_Demo/Camera_Demo.srcs/sources_1/new/rgb.v:22]
INFO: [Synth 8-6155] done synthesizing module 'rgb_test' (22#1) [C:/Users/DELL/Desktop/Camera_Demo/Camera_Demo.srcs/sources_1/new/rgb_test.v:22]
WARNING: [Synth 8-3848] Net iic_read in module/entity Camera_Demo does not have driver. [C:/Users/DELL/Desktop/Camera_Demo/Camera_Demo.srcs/sources_1/new/Camera_Demo.v:142]
INFO: [Synth 8-6155] done synthesizing module 'Camera_Demo' (23#1) [C:/Users/DELL/Desktop/Camera_Demo/Camera_Demo.srcs/sources_1/new/Camera_Demo.v:23]
---------------------------------------------------------------------------------
Finished RTL Elaboration : Time (s): cpu = 00:00:05 ; elapsed = 00:00:04 . Memory (MB): peak = 1255.691 ; gain = 0.000
---------------------------------------------------------------------------------

Report Check Netlist: 
+------+------------------+-------+---------+-------+------------------+
|      |Item              |Errors |Warnings |Status |Description       |
+------+------------------+-------+---------+-------+------------------+
|1     |multi_driven_nets |      0|        0|Passed |Multi driven nets |
+------+------------------+-------+---------+-------+------------------+
WARNING: [Synth 8-3295] tying undriven pin MIPI_Camera_IIC:i_iic_read to constant 0 [C:/Users/DELL/Desktop/Camera_Demo/Camera_Demo.srcs/sources_1/new/Camera_Demo.v:160]
---------------------------------------------------------------------------------
Start Handling Custom Attributes
---------------------------------------------------------------------------------
---------------------------------------------------------------------------------
Finished Handling Custom Attributes : Time (s): cpu = 00:00:05 ; elapsed = 00:00:05 . Memory (MB): peak = 1255.691 ; gain = 0.000
---------------------------------------------------------------------------------
---------------------------------------------------------------------------------
Finished RTL Optimization Phase 1 : Time (s): cpu = 00:00:05 ; elapsed = 00:00:05 . Memory (MB): peak = 1255.691 ; gain = 0.000
---------------------------------------------------------------------------------
INFO: [Project 1-454] Reading design checkpoint 'c:/Users/DELL/Desktop/Camera_Demo/Camera_Demo.srcs/sources_1/ip/clk_wiz_0/clk_wiz_0.dcp' for cell 'clk_10'
INFO: [Project 1-454] Reading design checkpoint 'c:/Users/DELL/Desktop/Camera_Demo/Camera_Demo.srcs/sources_1/ip/rgb2dvi_0/rgb2dvi_0.dcp' for cell 'Mini_HDMI_Driver'
INFO: [Project 1-454] Reading design checkpoint 'c:/Users/DELL/Desktop/Camera_Demo/Camera_Demo.srcs/sources_1/ip/clk_wiz_1/clk_wiz_1.dcp' for cell 'MIPI_Trans_Driver/camera_clock'
INFO: [Project 1-454] Reading design checkpoint 'c:/Users/DELL/Desktop/Camera_Demo/Camera_Demo.srcs/sources_1/ip/csi2_d_phy_rx_0/csi2_d_phy_rx_0.dcp' for cell 'MIPI_Trans_Driver/Data_Read'
INFO: [Project 1-454] Reading design checkpoint 'c:/Users/DELL/Desktop/Camera_Demo/Camera_Demo.srcs/sources_1/ip/csi_to_axis_0/csi_to_axis_0.dcp' for cell 'MIPI_Trans_Driver/Data_To_Csi'
INFO: [Project 1-454] Reading design checkpoint 'c:/Users/DELL/Desktop/Camera_Demo/Camera_Demo.srcs/sources_1/ip/AXIS_Data_RAM/AXIS_Data_RAM.dcp' for cell 'MIPI_Trans_Driver/Driver_Csi_To_Dvp0/RAM_AXIS'
INFO: [Project 1-454] Reading design checkpoint 'c:/Users/DELL/Desktop/Camera_Demo/Camera_Demo.srcs/sources_1/ip/RAM_Line/RAM_Line.dcp' for cell 'MIPI_Trans_Driver/Driver_Bayer_To_RGB0/RAM_Line_Buff0'
INFO: [Netlist 29-17] Analyzing 46 Unisim elements for replacement
INFO: [Netlist 29-28] Unisim Transformation completed in 0 CPU seconds
INFO: [Project 1-479] Netlist was created with Vivado 2018.3
INFO: [Device 21-403] Loading part xc7s15ftgb196-1
INFO: [Project 1-570] Preparing netlist for logic optimization
WARNING: [Opt 31-32] Removing redundant IBUF since it is not being driven by a top-level port. MIPI_Trans_Driver/camera_clock/inst/clkin1_ibufg 
Resolution: The tool has removed redundant IBUF. To resolve this warning, check for redundant IBUF in the input design.
INFO: [Opt 31-140] Inserted 4 IBUFs to IO ports without IO buffers.
INFO: [Opt 31-141] Inserted 1 OBUFs to IO ports without IO buffers.
WARNING: [Constraints 18-550] Could not create 'IBUF_LOW_PWR' constraint because net 'MIPI_Trans_Driver/camera_clock/clk_in1' is not directly connected to top level port. Synthesis is ignored for IBUF_LOW_PWR but preserved for implementation.

Processing XDC Constraints
Initializing timing engine
Parsing XDC File [c:/Users/DELL/Desktop/Camera_Demo/Camera_Demo.srcs/sources_1/ip/rgb2dvi_0/src/rgb2dvi.xdc] for cell 'Mini_HDMI_Driver/U0'
Finished Parsing XDC File [c:/Users/DELL/Desktop/Camera_Demo/Camera_Demo.srcs/sources_1/ip/rgb2dvi_0/src/rgb2dvi.xdc] for cell 'Mini_HDMI_Driver/U0'
Parsing XDC File [c:/Users/DELL/Desktop/Camera_Demo/Camera_Demo.srcs/sources_1/ip/csi_to_axis_0/hdl/csi_to_axis.xdc] for cell 'MIPI_Trans_Driver/Data_To_Csi/U0'
Finished Parsing XDC File [c:/Users/DELL/Desktop/Camera_Demo/Camera_Demo.srcs/sources_1/ip/csi_to_axis_0/hdl/csi_to_axis.xdc] for cell 'MIPI_Trans_Driver/Data_To_Csi/U0'
Parsing XDC File [c:/Users/DELL/Desktop/Camera_Demo/Camera_Demo.srcs/sources_1/ip/csi2_d_phy_rx_0/hdl/csi2_d_phy_rx.xdc] for cell 'MIPI_Trans_Driver/Data_Read/U0'
Finished Parsing XDC File [c:/Users/DELL/Desktop/Camera_Demo/Camera_Demo.srcs/sources_1/ip/csi2_d_phy_rx_0/hdl/csi2_d_phy_rx.xdc] for cell 'MIPI_Trans_Driver/Data_Read/U0'
Parsing XDC File [c:/Users/DELL/Desktop/Camera_Demo/Camera_Demo.srcs/sources_1/ip/clk_wiz_0/clk_wiz_0_board.xdc] for cell 'clk_10/inst'
Finished Parsing XDC File [c:/Users/DELL/Desktop/Camera_Demo/Camera_Demo.srcs/sources_1/ip/clk_wiz_0/clk_wiz_0_board.xdc] for cell 'clk_10/inst'
Parsing XDC File [c:/Users/DELL/Desktop/Camera_Demo/Camera_Demo.srcs/sources_1/ip/clk_wiz_0/clk_wiz_0.xdc] for cell 'clk_10/inst'
Finished Parsing XDC File [c:/Users/DELL/Desktop/Camera_Demo/Camera_Demo.srcs/sources_1/ip/clk_wiz_0/clk_wiz_0.xdc] for cell 'clk_10/inst'
Parsing XDC File [c:/Users/DELL/Desktop/Camera_Demo/Camera_Demo.srcs/sources_1/ip/clk_wiz_1/clk_wiz_1_board.xdc] for cell 'MIPI_Trans_Driver/camera_clock/inst'
Finished Parsing XDC File [c:/Users/DELL/Desktop/Camera_Demo/Camera_Demo.srcs/sources_1/ip/clk_wiz_1/clk_wiz_1_board.xdc] for cell 'MIPI_Trans_Driver/camera_clock/inst'
Parsing XDC File [c:/Users/DELL/Desktop/Camera_Demo/Camera_Demo.srcs/sources_1/ip/clk_wiz_1/clk_wiz_1.xdc] for cell 'MIPI_Trans_Driver/camera_clock/inst'
Finished Parsing XDC File [c:/Users/DELL/Desktop/Camera_Demo/Camera_Demo.srcs/sources_1/ip/clk_wiz_1/clk_wiz_1.xdc] for cell 'MIPI_Trans_Driver/camera_clock/inst'
INFO: [Project 1-236] Implementation specific constraints were found while reading constraint file [c:/Users/DELL/Desktop/Camera_Demo/Camera_Demo.srcs/sources_1/ip/clk_wiz_1/clk_wiz_1.xdc]. These constraints will be ignored for synthesis but will be used in implementation. Impacted constraints are listed in the file [.Xil/Camera_Demo_propImpl.xdc].
Resolution: To avoid this warning, move constraints listed in [.Xil/Camera_Demo_propImpl.xdc] to another XDC file and exclude this new file from synthesis with the used_in_synthesis property (File Properties dialog in GUI) and re-run elaboration/synthesis.
INFO: [Timing 38-2] Deriving generated clocks
Netlist sorting complete. Time (s): cpu = 00:00:00 ; elapsed = 00:00:00.001 . Memory (MB): peak = 1402.609 ; gain = 0.000
Parsing XDC File [C:/Users/DELL/Desktop/Camera_Demo/Camera_Demo.srcs/constrs_1/new/system.xdc]
Finished Parsing XDC File [C:/Users/DELL/Desktop/Camera_Demo/Camera_Demo.srcs/constrs_1/new/system.xdc]
INFO: [Project 1-236] Implementation specific constraints were found while reading constraint file [C:/Users/DELL/Desktop/Camera_Demo/Camera_Demo.srcs/constrs_1/new/system.xdc]. These constraints will be ignored for synthesis but will be used in implementation. Impacted constraints are listed in the file [.Xil/Camera_Demo_propImpl.xdc].
Resolution: To avoid this warning, move constraints listed in [.Xil/Camera_Demo_propImpl.xdc] to another XDC file and exclude this new file from synthesis with the used_in_synthesis property (File Properties dialog in GUI) and re-run elaboration/synthesis.
INFO: [Timing 38-2] Deriving generated clocks
Netlist sorting complete. Time (s): cpu = 00:00:00 ; elapsed = 00:00:00.001 . Memory (MB): peak = 1402.848 ; gain = 0.000
Parsing XDC File [c:/Users/DELL/Desktop/Camera_Demo/Camera_Demo.srcs/sources_1/ip/rgb2dvi_0/src/rgb2dvi_clocks.xdc] for cell 'Mini_HDMI_Driver/U0'
Finished Parsing XDC File [c:/Users/DELL/Desktop/Camera_Demo/Camera_Demo.srcs/sources_1/ip/rgb2dvi_0/src/rgb2dvi_clocks.xdc] for cell 'Mini_HDMI_Driver/U0'
Completed Processing XDC Constraints

INFO: [Opt 31-138] Pushed 0 inverter(s) to 0 load pin(s).
Netlist sorting complete. Time (s): cpu = 00:00:00 ; elapsed = 00:00:00.002 . Memory (MB): peak = 1402.848 ; gain = 0.000
INFO: [Project 1-111] Unisim Transformation Summary:
  A total of 1 instances were transformed.
  IOBUF => IOBUF (IBUF, OBUFT): 1 instances

RTL Elaboration Complete:  : Time (s): cpu = 00:00:25 ; elapsed = 00:00:18 . Memory (MB): peak = 1409.863 ; gain = 154.172
67 Infos, 13 Warnings, 0 Critical Warnings and 0 Errors encountered.
synth_design completed successfully
synth_design: Time (s): cpu = 00:00:25 ; elapsed = 00:00:19 . Memory (MB): peak = 1409.863 ; gain = 154.172
reset_run synth_1
launch_runs synth_1 -jobs 4
INFO: [Vivado 12-4149] The synthesis checkpoint for IP 'C:/Users/DELL/Desktop/Camera_Demo/Camera_Demo.srcs/sources_1/ip/rgb2dvi_0/rgb2dvi_0.xci' is already up-to-date
[Thu Jul 30 11:33:01 2020] Launched synth_1...
Run output will be captured here: C:/Users/DELL/Desktop/Camera_Demo/Camera_Demo.runs/synth_1/runme.log
reset_run synth_1
launch_runs synth_1 -jobs 4
INFO: [Vivado 12-4149] The synthesis checkpoint for IP 'C:/Users/DELL/Desktop/Camera_Demo/Camera_Demo.srcs/sources_1/ip/rgb2dvi_0/rgb2dvi_0.xci' is already up-to-date
[Thu Jul 30 11:33:46 2020] Launched synth_1...
Run output will be captured here: C:/Users/DELL/Desktop/Camera_Demo/Camera_Demo.runs/synth_1/runme.log
launch_runs impl_2 -jobs 4
INFO: [Vivado 12-4149] The synthesis checkpoint for IP 'C:/Users/DELL/Desktop/Camera_Demo/Camera_Demo.srcs/sources_1/ip/rgb2dvi_0/rgb2dvi_0.xci' is already up-to-date
[Thu Jul 30 11:34:56 2020] Launched impl_2...
Run output will be captured here: C:/Users/DELL/Desktop/Camera_Demo/Camera_Demo.runs/impl_2/runme.log
refresh_design
---------------------------------------------------------------------------------
Starting RTL Elaboration : Time (s): cpu = 00:00:05 ; elapsed = 00:00:05 . Memory (MB): peak = 1437.281 ; gain = 0.000
---------------------------------------------------------------------------------
INFO: [Synth 8-6157] synthesizing module 'Camera_Demo' [C:/Users/DELL/Desktop/Camera_Demo/Camera_Demo.srcs/sources_1/new/Camera_Demo.v:23]
WARNING: [Synth 8-6104] Input port 'led' has an internal driver [C:/Users/DELL/Desktop/Camera_Demo/Camera_Demo.srcs/sources_1/new/Camera_Demo.v:69]
INFO: [Synth 8-6157] synthesizing module 'clk_wiz_0' [C:/Users/DELL/Desktop/Camera_Demo/.Xil/Vivado-6036-DESKTOP-8D0QN4O/realtime/clk_wiz_0_stub.v:5]
INFO: [Synth 8-6155] done synthesizing module 'clk_wiz_0' (1#1) [C:/Users/DELL/Desktop/Camera_Demo/.Xil/Vivado-6036-DESKTOP-8D0QN4O/realtime/clk_wiz_0_stub.v:5]
WARNING: [Synth 8-350] instance 'clk_10' of module 'clk_wiz_0' requires 6 connections, but only 3 given [C:/Users/DELL/Desktop/Camera_Demo/Camera_Demo.srcs/sources_1/new/Camera_Demo.v:73]
INFO: [Synth 8-6157] synthesizing module 'rgb2dvi_0' [C:/Users/DELL/Desktop/Camera_Demo/.Xil/Vivado-6036-DESKTOP-8D0QN4O/realtime/rgb2dvi_0_stub.v:6]
INFO: [Synth 8-6155] done synthesizing module 'rgb2dvi_0' (2#1) [C:/Users/DELL/Desktop/Camera_Demo/.Xil/Vivado-6036-DESKTOP-8D0QN4O/realtime/rgb2dvi_0_stub.v:6]
INFO: [Synth 8-6157] synthesizing module 'Driver_MIPI' [C:/Users/DELL/Desktop/Camera_Demo/Camera_Demo.srcs/sources_1/new/Driver_MIPI.v:23]
INFO: [Synth 8-6157] synthesizing module 'clk_wiz_1' [C:/Users/DELL/Desktop/Camera_Demo/.Xil/Vivado-6036-DESKTOP-8D0QN4O/realtime/clk_wiz_1_stub.v:5]
INFO: [Synth 8-6155] done synthesizing module 'clk_wiz_1' (3#1) [C:/Users/DELL/Desktop/Camera_Demo/.Xil/Vivado-6036-DESKTOP-8D0QN4O/realtime/clk_wiz_1_stub.v:5]
INFO: [Synth 8-6157] synthesizing module 'csi2_d_phy_rx_0' [C:/Users/DELL/Desktop/Camera_Demo/.Xil/Vivado-6036-DESKTOP-8D0QN4O/realtime/csi2_d_phy_rx_0_stub.v:6]
INFO: [Synth 8-6155] done synthesizing module 'csi2_d_phy_rx_0' (4#1) [C:/Users/DELL/Desktop/Camera_Demo/.Xil/Vivado-6036-DESKTOP-8D0QN4O/realtime/csi2_d_phy_rx_0_stub.v:6]
WARNING: [Synth 8-350] instance 'Data_Read' of module 'csi2_d_phy_rx_0' requires 33 connections, but only 25 given [C:/Users/DELL/Desktop/Camera_Demo/Camera_Demo.srcs/sources_1/new/Driver_MIPI.v:75]
INFO: [Synth 8-6157] synthesizing module 'csi_to_axis_0' [C:/Users/DELL/Desktop/Camera_Demo/.Xil/Vivado-6036-DESKTOP-8D0QN4O/realtime/csi_to_axis_0_stub.v:6]
INFO: [Synth 8-6155] done synthesizing module 'csi_to_axis_0' (5#1) [C:/Users/DELL/Desktop/Camera_Demo/.Xil/Vivado-6036-DESKTOP-8D0QN4O/realtime/csi_to_axis_0_stub.v:6]
INFO: [Synth 8-6157] synthesizing module 'Driver_Csi_To_Dvp' [C:/Users/DELL/Desktop/Camera_Demo/Camera_Demo.srcs/sources_1/new/Driver_Csi_To_Dvp.v:23]
	Parameter Default_AXIS_TREADY bound to: 1'b1 
	Parameter WIDTH bound to: 12 - type: integer 
	Parameter HSIZE bound to: 1280 - type: integer 
	Parameter HFP bound to: 1390 - type: integer 
	Parameter HSP bound to: 1430 - type: integer 
	Parameter HMAX bound to: 1650 - type: integer 
	Parameter VSIZE bound to: 720 - type: integer 
	Parameter VFP bound to: 725 - type: integer 
	Parameter VSP bound to: 730 - type: integer 
	Parameter VMAX bound to: 750 - type: integer 
	Parameter HSPP bound to: 0 - type: integer 
	Parameter VSPP bound to: 0 - type: integer 
INFO: [Synth 8-6157] synthesizing module 'AXIS_Data_RAM' [C:/Users/DELL/Desktop/Camera_Demo/.Xil/Vivado-6036-DESKTOP-8D0QN4O/realtime/AXIS_Data_RAM_stub.v:6]
INFO: [Synth 8-6155] done synthesizing module 'AXIS_Data_RAM' (6#1) [C:/Users/DELL/Desktop/Camera_Demo/.Xil/Vivado-6036-DESKTOP-8D0QN4O/realtime/AXIS_Data_RAM_stub.v:6]
INFO: [Synth 8-6155] done synthesizing module 'Driver_Csi_To_Dvp' (7#1) [C:/Users/DELL/Desktop/Camera_Demo/Camera_Demo.srcs/sources_1/new/Driver_Csi_To_Dvp.v:23]
INFO: [Synth 8-6157] synthesizing module 'Driver_Bayer_To_RGB' [C:/Users/DELL/Desktop/Camera_Demo/Camera_Demo.srcs/sources_1/new/Driver_Bayer_To_RGB.v:23]
	Parameter WIDTH bound to: 12 - type: integer 
	Parameter HSIZE bound to: 1280 - type: integer 
	Parameter HFP bound to: 1390 - type: integer 
	Parameter HSP bound to: 1430 - type: integer 
	Parameter HMAX bound to: 1650 - type: integer 
	Parameter VSIZE bound to: 720 - type: integer 
	Parameter VFP bound to: 725 - type: integer 
	Parameter VSP bound to: 730 - type: integer 
	Parameter VMAX bound to: 750 - type: integer 
	Parameter HSPP bound to: 0 - type: integer 
	Parameter VSPP bound to: 0 - type: integer 
	Parameter DELAY_LINE bound to: 2 - type: integer 
	Parameter ST_IDLE bound to: 3'b000 
	Parameter ST_IDLE_START bound to: 3'b001 
	Parameter ST_PATTERN0 bound to: 3'b010 
	Parameter ST_PATTERN1 bound to: 3'b011 
	Parameter ST_IDLE_GR bound to: 3'b100 
	Parameter ST_PATTERN2 bound to: 3'b101 
	Parameter ST_PATTERN3 bound to: 3'b110 
INFO: [Synth 8-6157] synthesizing module 'RAM_Line' [C:/Users/DELL/Desktop/Camera_Demo/.Xil/Vivado-6036-DESKTOP-8D0QN4O/realtime/RAM_Line_stub.v:6]
INFO: [Synth 8-6155] done synthesizing module 'RAM_Line' (8#1) [C:/Users/DELL/Desktop/Camera_Demo/.Xil/Vivado-6036-DESKTOP-8D0QN4O/realtime/RAM_Line_stub.v:6]
INFO: [Synth 8-6155] done synthesizing module 'Driver_Bayer_To_RGB' (9#1) [C:/Users/DELL/Desktop/Camera_Demo/Camera_Demo.srcs/sources_1/new/Driver_Bayer_To_RGB.v:23]
INFO: [Synth 8-6155] done synthesizing module 'Driver_MIPI' (10#1) [C:/Users/DELL/Desktop/Camera_Demo/Camera_Demo.srcs/sources_1/new/Driver_MIPI.v:23]
WARNING: [Synth 8-689] width (12) of port connection 'o_set_x' does not match port width (11) of module 'Driver_MIPI' [C:/Users/DELL/Desktop/Camera_Demo/Camera_Demo.srcs/sources_1/new/Camera_Demo.v:102]
WARNING: [Synth 8-689] width (11) of port connection 'o_set_y' does not match port width (10) of module 'Driver_MIPI' [C:/Users/DELL/Desktop/Camera_Demo/Camera_Demo.srcs/sources_1/new/Camera_Demo.v:103]
INFO: [Synth 8-6157] synthesizing module 'IOBUF' [D:/Vivado/2018.3/scripts/rt/data/unisim_comp.v:23615]
	Parameter DRIVE bound to: 12 - type: integer 
	Parameter IBUF_LOW_PWR bound to: TRUE - type: string 
	Parameter IOSTANDARD bound to: DEFAULT - type: string 
	Parameter SLEW bound to: SLOW - type: string 
INFO: [Synth 8-6155] done synthesizing module 'IOBUF' (11#1) [D:/Vivado/2018.3/scripts/rt/data/unisim_comp.v:23615]
INFO: [Synth 8-6157] synthesizing module 'OV5647_Init' [C:/Users/DELL/Desktop/Camera_Demo/Camera_Demo.srcs/sources_1/new/OV5647_Init.v:23]
	Parameter SLAVE_ADDRESS bound to: 8'b01101100 
	Parameter INITIAL_NUM bound to: 8'b01011000 
	Parameter REG_ADDR2_EN bound to: 1'b1 
	Parameter WR_HOLD_T bound to: 4'b1010 
	Parameter WR_VALID bound to: 1'b1 
	Parameter WAIT_DELAY bound to: 20'b00011000011010100000 
	Parameter IDLE bound to: 2'b00 
	Parameter START bound to: 2'b01 
	Parameter WAIT bound to: 2'b10 
	Parameter END bound to: 2'b11 
INFO: [Synth 8-6157] synthesizing module 'ROM_OV5647' [C:/Users/DELL/Desktop/Camera_Demo/Camera_Demo.srcs/sources_1/new/OV5647_Init.v:243]
INFO: [Synth 8-6155] done synthesizing module 'ROM_OV5647' (12#1) [C:/Users/DELL/Desktop/Camera_Demo/Camera_Demo.srcs/sources_1/new/OV5647_Init.v:243]
INFO: [Synth 8-6157] synthesizing module 'Trigger_Generator' [C:/Users/DELL/Desktop/Camera_Demo/Camera_Demo.srcs/sources_1/new/Trigger_Generator.v:23]
	Parameter ST_WAIT bound to: 2'b00 
	Parameter ST_START bound to: 2'b01 
	Parameter ST_HOLD bound to: 2'b10 
	Parameter ST_END bound to: 2'b11 
INFO: [Synth 8-6155] done synthesizing module 'Trigger_Generator' (13#1) [C:/Users/DELL/Desktop/Camera_Demo/Camera_Demo.srcs/sources_1/new/Trigger_Generator.v:23]
WARNING: [Synth 8-6014] Unused sequential element en_rd_rom_reg was removed.  [C:/Users/DELL/Desktop/Camera_Demo/Camera_Demo.srcs/sources_1/new/OV5647_Init.v:133]
INFO: [Synth 8-6155] done synthesizing module 'OV5647_Init' (14#1) [C:/Users/DELL/Desktop/Camera_Demo/Camera_Demo.srcs/sources_1/new/OV5647_Init.v:23]
INFO: [Synth 8-6157] synthesizing module 'Driver_IIC' [C:/Users/DELL/Desktop/Camera_Demo/Camera_Demo.srcs/sources_1/new/Driver_IIC.v:22]
	Parameter System_Clk_MHz bound to: 13'b0000001100100 
	Parameter Set_IIC_SCL_kHz bound to: 13'b0000001100100 
	Parameter SCL_Divider bound to: 13'b0000000000001 
	Parameter SCL_SUM bound to: 13'b0001111101000 
	Parameter SCL_H_START bound to: 0 - type: integer 
	Parameter SCL_H_CENTER bound to: 249 - type: integer 
	Parameter SCL_L_START bound to: 499 - type: integer 
	Parameter SCL_L_CENTER bound to: 749 - type: integer 
	Parameter ST_IDLE bound to: 5'b00000 
	Parameter ST_START bound to: 5'b00001 
	Parameter ST_W_SADDR bound to: 5'b00010 
	Parameter ST_ACK_0 bound to: 5'b00011 
	Parameter ST_W_ADDR_H bound to: 5'b00100 
	Parameter ST_ACK_1 bound to: 5'b00101 
	Parameter ST_W_ADDR_L bound to: 5'b00110 
	Parameter ST_ACK_2 bound to: 5'b00111 
	Parameter ST_W_DATA bound to: 5'b01000 
	Parameter ST_ACK_3 bound to: 5'b01001 
	Parameter ST_START_R bound to: 5'b01010 
	Parameter ST_W_SADDR_R bound to: 5'b01011 
	Parameter ST_ACK_4 bound to: 5'b01100 
	Parameter ST_R_DATA bound to: 5'b01101 
	Parameter ST_NACK bound to: 5'b01110 
	Parameter ST_STOP bound to: 5'b01111 
INFO: [Synth 8-155] case statement is not full and has no default [C:/Users/DELL/Desktop/Camera_Demo/Camera_Demo.srcs/sources_1/new/Driver_IIC.v:388]
WARNING: [Synth 8-5788] Register data_r_o_reg in module Driver_IIC is has both Set and reset with same priority. This may cause simulation mismatches. Consider rewriting code  [C:/Users/DELL/Desktop/Camera_Demo/Camera_Demo.srcs/sources_1/new/Driver_IIC.v:112]
INFO: [Synth 8-6155] done synthesizing module 'Driver_IIC' (15#1) [C:/Users/DELL/Desktop/Camera_Demo/Camera_Demo.srcs/sources_1/new/Driver_IIC.v:22]
INFO: [Synth 8-6157] synthesizing module 'gray' [C:/Users/DELL/Desktop/Camera_Demo/Camera_Demo.srcs/sources_1/new/gray.v:7]
INFO: [Synth 8-6155] done synthesizing module 'gray' (16#1) [C:/Users/DELL/Desktop/Camera_Demo/Camera_Demo.srcs/sources_1/new/gray.v:7]
INFO: [Synth 8-6157] synthesizing module 'shuzi' [C:/Users/DELL/Desktop/Camera_Demo/Camera_Demo.srcs/sources_1/new/shuzi.v:23]
INFO: [Synth 8-6157] synthesizing module 'digital' [C:/Users/DELL/Desktop/Camera_Demo/Camera_Demo.srcs/sources_1/new/digital.v:23]
INFO: [Synth 8-6157] synthesizing module 'digital_recognition' [C:/Users/DELL/Desktop/Camera_Demo/Camera_Demo.srcs/sources_1/new/digital_recognition.v:2]
	Parameter CENTER_H bound to: 640 - type: integer 
	Parameter CENTER_V bound to: 360 - type: integer 
	Parameter VtcVCnt_max bound to: 266 - type: integer 
	Parameter VtcHCnt_max bound to: 200 - type: integer 
	Parameter VtcHCnt_l bound to: 540 - type: integer 
	Parameter VtcHCnt_r bound to: 740 - type: integer 
	Parameter VtcVCnt_u bound to: 227 - type: integer 
	Parameter VtcVCnt_d bound to: 493 - type: integer 
	Parameter X1 bound to: 333 - type: integer 
	Parameter X2 bound to: 404 - type: integer 
INFO: [Synth 8-6157] synthesizing module 'posedge_detection' [C:/Users/DELL/Desktop/Camera_Demo/Camera_Demo.srcs/sources_1/new/posedge_detection.v:1]
INFO: [Synth 8-6155] done synthesizing module 'posedge_detection' (17#1) [C:/Users/DELL/Desktop/Camera_Demo/Camera_Demo.srcs/sources_1/new/posedge_detection.v:1]
INFO: [Synth 8-6155] done synthesizing module 'digital_recognition' (18#1) [C:/Users/DELL/Desktop/Camera_Demo/Camera_Demo.srcs/sources_1/new/digital_recognition.v:2]
INFO: [Synth 8-6155] done synthesizing module 'digital' (19#1) [C:/Users/DELL/Desktop/Camera_Demo/Camera_Demo.srcs/sources_1/new/digital.v:23]
INFO: [Synth 8-6155] done synthesizing module 'shuzi' (20#1) [C:/Users/DELL/Desktop/Camera_Demo/Camera_Demo.srcs/sources_1/new/shuzi.v:23]
WARNING: [Synth 8-689] width (12) of port connection 'VtcHCnt' does not match port width (1) of module 'shuzi' [C:/Users/DELL/Desktop/Camera_Demo/Camera_Demo.srcs/sources_1/new/Camera_Demo.v:186]
WARNING: [Synth 8-689] width (11) of port connection 'VtcVCnt' does not match port width (1) of module 'shuzi' [C:/Users/DELL/Desktop/Camera_Demo/Camera_Demo.srcs/sources_1/new/Camera_Demo.v:187]
INFO: [Synth 8-6157] synthesizing module 'rgb_test' [C:/Users/DELL/Desktop/Camera_Demo/Camera_Demo.srcs/sources_1/new/rgb_test.v:22]
INFO: [Synth 8-6157] synthesizing module 'rgb' [C:/Users/DELL/Desktop/Camera_Demo/Camera_Demo.srcs/sources_1/new/rgb.v:22]
INFO: [Synth 8-6155] done synthesizing module 'rgb' (21#1) [C:/Users/DELL/Desktop/Camera_Demo/Camera_Demo.srcs/sources_1/new/rgb.v:22]
INFO: [Synth 8-6155] done synthesizing module 'rgb_test' (22#1) [C:/Users/DELL/Desktop/Camera_Demo/Camera_Demo.srcs/sources_1/new/rgb_test.v:22]
WARNING: [Synth 8-3848] Net iic_read in module/entity Camera_Demo does not have driver. [C:/Users/DELL/Desktop/Camera_Demo/Camera_Demo.srcs/sources_1/new/Camera_Demo.v:142]
INFO: [Synth 8-6155] done synthesizing module 'Camera_Demo' (23#1) [C:/Users/DELL/Desktop/Camera_Demo/Camera_Demo.srcs/sources_1/new/Camera_Demo.v:23]
---------------------------------------------------------------------------------
Finished RTL Elaboration : Time (s): cpu = 00:00:07 ; elapsed = 00:00:07 . Memory (MB): peak = 1437.281 ; gain = 0.000
---------------------------------------------------------------------------------

Report Check Netlist: 
+------+------------------+-------+---------+-------+------------------+
|      |Item              |Errors |Warnings |Status |Description       |
+------+------------------+-------+---------+-------+------------------+
|1     |multi_driven_nets |      0|        0|Passed |Multi driven nets |
+------+------------------+-------+---------+-------+------------------+
WARNING: [Synth 8-3295] tying undriven pin MIPI_Camera_IIC:i_iic_read to constant 0 [C:/Users/DELL/Desktop/Camera_Demo/Camera_Demo.srcs/sources_1/new/Camera_Demo.v:160]
---------------------------------------------------------------------------------
Start Handling Custom Attributes
---------------------------------------------------------------------------------
---------------------------------------------------------------------------------
Finished Handling Custom Attributes : Time (s): cpu = 00:00:07 ; elapsed = 00:00:07 . Memory (MB): peak = 1437.281 ; gain = 0.000
---------------------------------------------------------------------------------
---------------------------------------------------------------------------------
Finished RTL Optimization Phase 1 : Time (s): cpu = 00:00:07 ; elapsed = 00:00:07 . Memory (MB): peak = 1437.281 ; gain = 0.000
---------------------------------------------------------------------------------
INFO: [Project 1-454] Reading design checkpoint 'c:/Users/DELL/Desktop/Camera_Demo/Camera_Demo.srcs/sources_1/ip/clk_wiz_0/clk_wiz_0.dcp' for cell 'clk_10'
INFO: [Project 1-454] Reading design checkpoint 'c:/Users/DELL/Desktop/Camera_Demo/Camera_Demo.srcs/sources_1/ip/rgb2dvi_0/rgb2dvi_0.dcp' for cell 'Mini_HDMI_Driver'
INFO: [Project 1-454] Reading design checkpoint 'c:/Users/DELL/Desktop/Camera_Demo/Camera_Demo.srcs/sources_1/ip/clk_wiz_1/clk_wiz_1.dcp' for cell 'MIPI_Trans_Driver/camera_clock'
INFO: [Project 1-454] Reading design checkpoint 'c:/Users/DELL/Desktop/Camera_Demo/Camera_Demo.srcs/sources_1/ip/csi2_d_phy_rx_0/csi2_d_phy_rx_0.dcp' for cell 'MIPI_Trans_Driver/Data_Read'
INFO: [Project 1-454] Reading design checkpoint 'c:/Users/DELL/Desktop/Camera_Demo/Camera_Demo.srcs/sources_1/ip/csi_to_axis_0/csi_to_axis_0.dcp' for cell 'MIPI_Trans_Driver/Data_To_Csi'
INFO: [Project 1-454] Reading design checkpoint 'c:/Users/DELL/Desktop/Camera_Demo/Camera_Demo.srcs/sources_1/ip/AXIS_Data_RAM/AXIS_Data_RAM.dcp' for cell 'MIPI_Trans_Driver/Driver_Csi_To_Dvp0/RAM_AXIS'
INFO: [Project 1-454] Reading design checkpoint 'c:/Users/DELL/Desktop/Camera_Demo/Camera_Demo.srcs/sources_1/ip/RAM_Line/RAM_Line.dcp' for cell 'MIPI_Trans_Driver/Driver_Bayer_To_RGB0/RAM_Line_Buff0'
INFO: [Netlist 29-17] Analyzing 46 Unisim elements for replacement
INFO: [Netlist 29-28] Unisim Transformation completed in 0 CPU seconds
INFO: [Project 1-479] Netlist was created with Vivado 2018.3
INFO: [Project 1-570] Preparing netlist for logic optimization
WARNING: [Opt 31-32] Removing redundant IBUF since it is not being driven by a top-level port. MIPI_Trans_Driver/camera_clock/inst/clkin1_ibufg 
Resolution: The tool has removed redundant IBUF. To resolve this warning, check for redundant IBUF in the input design.
INFO: [Opt 31-140] Inserted 4 IBUFs to IO ports without IO buffers.
INFO: [Opt 31-141] Inserted 1 OBUFs to IO ports without IO buffers.
WARNING: [Constraints 18-550] Could not create 'IBUF_LOW_PWR' constraint because net 'MIPI_Trans_Driver/camera_clock/clk_in1' is not directly connected to top level port. Synthesis is ignored for IBUF_LOW_PWR but preserved for implementation.

Processing XDC Constraints
Initializing timing engine
Parsing XDC File [c:/Users/DELL/Desktop/Camera_Demo/Camera_Demo.srcs/sources_1/ip/rgb2dvi_0/src/rgb2dvi.xdc] for cell 'Mini_HDMI_Driver/U0'
Finished Parsing XDC File [c:/Users/DELL/Desktop/Camera_Demo/Camera_Demo.srcs/sources_1/ip/rgb2dvi_0/src/rgb2dvi.xdc] for cell 'Mini_HDMI_Driver/U0'
Parsing XDC File [c:/Users/DELL/Desktop/Camera_Demo/Camera_Demo.srcs/sources_1/ip/csi_to_axis_0/hdl/csi_to_axis.xdc] for cell 'MIPI_Trans_Driver/Data_To_Csi/U0'
Finished Parsing XDC File [c:/Users/DELL/Desktop/Camera_Demo/Camera_Demo.srcs/sources_1/ip/csi_to_axis_0/hdl/csi_to_axis.xdc] for cell 'MIPI_Trans_Driver/Data_To_Csi/U0'
Parsing XDC File [c:/Users/DELL/Desktop/Camera_Demo/Camera_Demo.srcs/sources_1/ip/csi2_d_phy_rx_0/hdl/csi2_d_phy_rx.xdc] for cell 'MIPI_Trans_Driver/Data_Read/U0'
Finished Parsing XDC File [c:/Users/DELL/Desktop/Camera_Demo/Camera_Demo.srcs/sources_1/ip/csi2_d_phy_rx_0/hdl/csi2_d_phy_rx.xdc] for cell 'MIPI_Trans_Driver/Data_Read/U0'
Parsing XDC File [c:/Users/DELL/Desktop/Camera_Demo/Camera_Demo.srcs/sources_1/ip/clk_wiz_0/clk_wiz_0_board.xdc] for cell 'clk_10/inst'
Finished Parsing XDC File [c:/Users/DELL/Desktop/Camera_Demo/Camera_Demo.srcs/sources_1/ip/clk_wiz_0/clk_wiz_0_board.xdc] for cell 'clk_10/inst'
Parsing XDC File [c:/Users/DELL/Desktop/Camera_Demo/Camera_Demo.srcs/sources_1/ip/clk_wiz_0/clk_wiz_0.xdc] for cell 'clk_10/inst'
Finished Parsing XDC File [c:/Users/DELL/Desktop/Camera_Demo/Camera_Demo.srcs/sources_1/ip/clk_wiz_0/clk_wiz_0.xdc] for cell 'clk_10/inst'
Parsing XDC File [c:/Users/DELL/Desktop/Camera_Demo/Camera_Demo.srcs/sources_1/ip/clk_wiz_1/clk_wiz_1_board.xdc] for cell 'MIPI_Trans_Driver/camera_clock/inst'
Finished Parsing XDC File [c:/Users/DELL/Desktop/Camera_Demo/Camera_Demo.srcs/sources_1/ip/clk_wiz_1/clk_wiz_1_board.xdc] for cell 'MIPI_Trans_Driver/camera_clock/inst'
Parsing XDC File [c:/Users/DELL/Desktop/Camera_Demo/Camera_Demo.srcs/sources_1/ip/clk_wiz_1/clk_wiz_1.xdc] for cell 'MIPI_Trans_Driver/camera_clock/inst'
Finished Parsing XDC File [c:/Users/DELL/Desktop/Camera_Demo/Camera_Demo.srcs/sources_1/ip/clk_wiz_1/clk_wiz_1.xdc] for cell 'MIPI_Trans_Driver/camera_clock/inst'
INFO: [Project 1-236] Implementation specific constraints were found while reading constraint file [c:/Users/DELL/Desktop/Camera_Demo/Camera_Demo.srcs/sources_1/ip/clk_wiz_1/clk_wiz_1.xdc]. These constraints will be ignored for synthesis but will be used in implementation. Impacted constraints are listed in the file [.Xil/Camera_Demo_propImpl.xdc].
Resolution: To avoid this warning, move constraints listed in [.Xil/Camera_Demo_propImpl.xdc] to another XDC file and exclude this new file from synthesis with the used_in_synthesis property (File Properties dialog in GUI) and re-run elaboration/synthesis.
INFO: [Timing 38-2] Deriving generated clocks
Netlist sorting complete. Time (s): cpu = 00:00:00 ; elapsed = 00:00:00.005 . Memory (MB): peak = 1452.734 ; gain = 0.000
Parsing XDC File [C:/Users/DELL/Desktop/Camera_Demo/Camera_Demo.srcs/constrs_1/new/system.xdc]
Finished Parsing XDC File [C:/Users/DELL/Desktop/Camera_Demo/Camera_Demo.srcs/constrs_1/new/system.xdc]
INFO: [Project 1-236] Implementation specific constraints were found while reading constraint file [C:/Users/DELL/Desktop/Camera_Demo/Camera_Demo.srcs/constrs_1/new/system.xdc]. These constraints will be ignored for synthesis but will be used in implementation. Impacted constraints are listed in the file [.Xil/Camera_Demo_propImpl.xdc].
Resolution: To avoid this warning, move constraints listed in [.Xil/Camera_Demo_propImpl.xdc] to another XDC file and exclude this new file from synthesis with the used_in_synthesis property (File Properties dialog in GUI) and re-run elaboration/synthesis.
INFO: [Timing 38-2] Deriving generated clocks
Netlist sorting complete. Time (s): cpu = 00:00:00 ; elapsed = 00:00:00.002 . Memory (MB): peak = 1452.816 ; gain = 0.000
Parsing XDC File [c:/Users/DELL/Desktop/Camera_Demo/Camera_Demo.srcs/sources_1/ip/rgb2dvi_0/src/rgb2dvi_clocks.xdc] for cell 'Mini_HDMI_Driver/U0'
Finished Parsing XDC File [c:/Users/DELL/Desktop/Camera_Demo/Camera_Demo.srcs/sources_1/ip/rgb2dvi_0/src/rgb2dvi_clocks.xdc] for cell 'Mini_HDMI_Driver/U0'
Completed Processing XDC Constraints

INFO: [Opt 31-138] Pushed 0 inverter(s) to 0 load pin(s).
refresh_design: Time (s): cpu = 00:00:30 ; elapsed = 00:00:20 . Memory (MB): peak = 1452.816 ; gain = 15.535
launch_runs impl_2 -to_step write_bitstream -jobs 4
INFO: [Vivado 12-4149] The synthesis checkpoint for IP 'C:/Users/DELL/Desktop/Camera_Demo/Camera_Demo.srcs/sources_1/ip/rgb2dvi_0/rgb2dvi_0.xci' is already up-to-date
[Thu Jul 30 11:36:39 2020] Launched impl_2...
Run output will be captured here: C:/Users/DELL/Desktop/Camera_Demo/Camera_Demo.runs/impl_2/runme.log
exit
INFO: [Common 17-206] Exiting Vivado at Thu Jul 30 11:41:26 2020...
