Copyright 1986-2018 Xilinx, Inc. All Rights Reserved.
---------------------------------------------------------------------------------------------------------------------------
| Tool Version : Vivado v.2018.3 (win64) Build 2405991 Thu Dec  6 23:38:27 MST 2018
| Date         : Thu Jul 30 14:31:13 2020
| Host         : DESKTOP-8D0QN4O running 64-bit major release  (build 9200)
| Command      : report_drc -file Camera_Demo_drc_routed.rpt -pb Camera_Demo_drc_routed.pb -rpx Camera_Demo_drc_routed.rpx
| Design       : Camera_Demo
| Device       : xc7s15ftgb196-1
| Speed File   : -1
| Design State : Fully Routed
---------------------------------------------------------------------------------------------------------------------------

Report DRC

Table of Contents
-----------------
1. REPORT SUMMARY
2. REPORT DETAILS

1. REPORT SUMMARY
-----------------
            Netlist: netlist
          Floorplan: design_1
      Design limits: <entire design considered>
           Ruledeck: default
             Max violations: <unlimited>
             Violations found: 2
+--------+----------+--------------------------+------------+
| Rule   | Severity | Description              | Violations |
+--------+----------+--------------------------+------------+
| BUFC-1 | Warning  | Input Buffer Connections | 1          |
| DPIP-1 | Warning  | Input pipelining         | 1          |
+--------+----------+--------------------------+------------+

2. REPORT DETAILS
-----------------
BUFC-1#1 Warning
Input Buffer Connections  
Input buffer Camera_IIC_SDA_IOBUF/IBUF (in Camera_IIC_SDA_IOBUF macro) has no loads. It is recommended to have an input buffer drive an internal load.
Related violations: <none>

DPIP-1#1 Warning
Input pipelining  
DSP rgb_test0/inst/Address1 input rgb_test0/inst/Address1/A[29:0] is not pipelined. Pipelining DSP48 input will improve performance.
Related violations: <none>


